Traceback (most recent call last):
  File "D:\__HTL\Dipl\CompendiumMatura\venv\Lib\site-packages\jupyter_cache\executors\utils.py", line 58, in single_nb_execution
    executenb(
  File "D:\__HTL\Dipl\CompendiumMatura\venv\Lib\site-packages\nbclient\client.py", line 1204, in execute
    return NotebookClient(nb=nb, resources=resources, km=km, **kwargs).execute()
           ^^^^^^^^^^^^^^^^^^^^^^^^^^^^^^^^^^^^^^^^^^^^^^^^^^^^^^^^^^^^^^^^^^^^^
  File "D:\__HTL\Dipl\CompendiumMatura\venv\Lib\site-packages\nbclient\util.py", line 84, in wrapped
    return just_run(coro(*args, **kwargs))
           ^^^^^^^^^^^^^^^^^^^^^^^^^^^^^^^
  File "D:\__HTL\Dipl\CompendiumMatura\venv\Lib\site-packages\nbclient\util.py", line 62, in just_run
    return loop.run_until_complete(coro)
           ^^^^^^^^^^^^^^^^^^^^^^^^^^^^^
  File "D:\Programs\Python\3.11\Lib\asyncio\base_events.py", line 653, in run_until_complete
    return future.result()
           ^^^^^^^^^^^^^^^
  File "D:\__HTL\Dipl\CompendiumMatura\venv\Lib\site-packages\nbclient\client.py", line 663, in async_execute
    await self.async_execute_cell(
  File "D:\__HTL\Dipl\CompendiumMatura\venv\Lib\site-packages\nbclient\client.py", line 965, in async_execute_cell
    await self._check_raise_for_error(cell, cell_index, exec_reply)
  File "D:\__HTL\Dipl\CompendiumMatura\venv\Lib\site-packages\nbclient\client.py", line 862, in _check_raise_for_error
    raise CellExecutionError.from_cell_and_msg(cell, exec_reply_content)
nbclient.exceptions.CellExecutionError: An error occurred while executing the following cell:
------------------
fig = Figure()
ylims = [0,3]

create_blank = ax->begin
	ylims!(ax, ylims)
	hideydecorations!(ax, grid=false, label=false)
	hidexdecorations!(ax, grid=false)

	lines!(ax, 
		[0,4], [2,2],
		color = :black
	)
	lines!(ax, 
		[0,4], [1,1],
		color = :black
	)
end

ndot = Axis(fig[1, 1],
	title = "N-Dotieren",
	ylabel = "Leitungsband",
	xticks = yticks
)

create_blank(ndot)

lines!(ndot,
	[0, 4], [.5, .5],
	color = :green
)

arrows!(ndot,
	[.5, 1.5, 2.5], [.5, .5, .5],
	[.75, .75, .75], [.75, .75, .75],
	color = :green
)

nndot = Axis(fig[2,1],
	ylabel = "Valenzband"
)
create_blank(nndot)

pdot = Axis(fig[2, 2])
create_blank(pdot)
lines!(pdot,
	[0, 4], [2.5, 2.5],
	color = :orange
)

arrows!(pdot,
	[.5, 1.5, 2.5], [2.5, 2.5, 2.5],
	[.75, .75, .75], [-.75, -.75, -.75],
	color = :orange
)

ppdot = Axis(fig[1, 2],
	title = "P-Dotieren"
)
create_blank(ppdot)

fig
------------------

UndefVarError: yticks not defined

Stacktrace:
 [1] top-level scope
   @ In[7]:19
 [2] eval
   @ .\boot.jl:368 [inlined]
 [3] include_string(mapexpr::typeof(REPL.softscope), mod::Module, code::String, filename::String)
   @ Base .\loading.jl:1428
LoadError: UndefVarError: yticks not defined

