Traceback (most recent call last):
  File "C:\Users\danst\AppData\Local\Programs\Python\Python310\lib\site-packages\jupyter_cache\executors\utils.py", line 51, in single_nb_execution
    executenb(
  File "C:\Users\danst\AppData\Local\Programs\Python\Python310\lib\site-packages\nbclient\client.py", line 1204, in execute
    return NotebookClient(nb=nb, resources=resources, km=km, **kwargs).execute()
  File "C:\Users\danst\AppData\Local\Programs\Python\Python310\lib\site-packages\nbclient\util.py", line 84, in wrapped
    return just_run(coro(*args, **kwargs))
  File "C:\Users\danst\AppData\Local\Programs\Python\Python310\lib\site-packages\nbclient\util.py", line 62, in just_run
    return loop.run_until_complete(coro)
  File "C:\Users\danst\AppData\Local\Programs\Python\Python310\lib\asyncio\base_events.py", line 646, in run_until_complete
    return future.result()
  File "C:\Users\danst\AppData\Local\Programs\Python\Python310\lib\site-packages\nbclient\client.py", line 663, in async_execute
    await self.async_execute_cell(
  File "C:\Users\danst\AppData\Local\Programs\Python\Python310\lib\site-packages\nbclient\client.py", line 965, in async_execute_cell
    await self._check_raise_for_error(cell, cell_index, exec_reply)
  File "C:\Users\danst\AppData\Local\Programs\Python\Python310\lib\site-packages\nbclient\client.py", line 862, in _check_raise_for_error
    raise CellExecutionError.from_cell_and_msg(cell, exec_reply_content)
nbclient.exceptions.CellExecutionError: An error occurred while executing the following cell:
------------------
# 8.9

v = 40 /3.6
F = 100

#a

# F = m*ω^2*r = m*v^2/r
# F ~ v^2 → v*2 ⇒ F*4

F_v2 = F * 4

@printf "a: %.2E N\n" F_x2

#b

# F ~ 1/r
# r*2 ⇒ F/2

F_r2 = F/2
@printf "b: %.2E N\n" F_r2

#c


@printf "c: r*4"

#
------------------

UndefVarError: F_x2 not defined

Stacktrace:
 [1] top-level scope
   @ In[21]:13
 [2] eval
   @ .\boot.jl:368 [inlined]
 [3] include_string(mapexpr::typeof(REPL.softscope), mod::Module, code::String, filename::String)
   @ Base .\loading.jl:1428
LoadError: UndefVarError: F_x2 not defined

